{"/Users/guanhaha/Desktop/code/gc-mono-repo/packages/react-browser-msw/src/tools/index.ts": {"path":"/Users/guanhaha/Desktop/code/gc-mono-repo/packages/react-browser-msw/src/tools/index.ts","all":false,"statementMap":{"0":{"start":{"line":1,"column":0},"end":{"line":1,"column":63}},"1":{"start":{"line":2,"column":0},"end":{"line":2,"column":64}},"2":{"start":{"line":3,"column":0},"end":{"line":3,"column":18}},"3":{"start":{"line":4,"column":0},"end":{"line":4,"column":5}},"4":{"start":{"line":5,"column":0},"end":{"line":5,"column":75}},"5":{"start":{"line":6,"column":0},"end":{"line":6,"column":41}},"6":{"start":{"line":7,"column":0},"end":{"line":7,"column":33}},"7":{"start":{"line":8,"column":0},"end":{"line":8,"column":32}},"8":{"start":{"line":9,"column":0},"end":{"line":9,"column":0}},"9":{"start":{"line":10,"column":0},"end":{"line":10,"column":35}},"10":{"start":{"line":11,"column":0},"end":{"line":11,"column":53}},"11":{"start":{"line":12,"column":0},"end":{"line":12,"column":71}},"12":{"start":{"line":13,"column":0},"end":{"line":13,"column":21}},"13":{"start":{"line":14,"column":0},"end":{"line":14,"column":33}},"14":{"start":{"line":15,"column":0},"end":{"line":15,"column":31}},"15":{"start":{"line":16,"column":0},"end":{"line":16,"column":76}},"16":{"start":{"line":17,"column":0},"end":{"line":17,"column":13}},"17":{"start":{"line":18,"column":0},"end":{"line":18,"column":17}},"18":{"start":{"line":19,"column":0},"end":{"line":19,"column":0}},"19":{"start":{"line":20,"column":0},"end":{"line":20,"column":36}},"20":{"start":{"line":21,"column":0},"end":{"line":21,"column":55}},"21":{"start":{"line":22,"column":0},"end":{"line":22,"column":51}},"22":{"start":{"line":23,"column":0},"end":{"line":23,"column":24}},"23":{"start":{"line":24,"column":0},"end":{"line":24,"column":36}},"24":{"start":{"line":25,"column":0},"end":{"line":25,"column":11}},"25":{"start":{"line":26,"column":0},"end":{"line":26,"column":0}},"26":{"start":{"line":27,"column":0},"end":{"line":27,"column":30}},"27":{"start":{"line":28,"column":0},"end":{"line":28,"column":64}},"28":{"start":{"line":29,"column":0},"end":{"line":29,"column":9}},"29":{"start":{"line":30,"column":0},"end":{"line":30,"column":7}},"30":{"start":{"line":31,"column":0},"end":{"line":31,"column":0}},"31":{"start":{"line":32,"column":0},"end":{"line":32,"column":18}},"32":{"start":{"line":33,"column":0},"end":{"line":33,"column":1}},"33":{"start":{"line":34,"column":0},"end":{"line":34,"column":0}},"34":{"start":{"line":35,"column":0},"end":{"line":35,"column":71}},"35":{"start":{"line":36,"column":0},"end":{"line":36,"column":51}},"36":{"start":{"line":37,"column":0},"end":{"line":37,"column":65}},"37":{"start":{"line":38,"column":0},"end":{"line":38,"column":6}},"38":{"start":{"line":39,"column":0},"end":{"line":39,"column":0}},"39":{"start":{"line":40,"column":0},"end":{"line":40,"column":38}},"40":{"start":{"line":41,"column":0},"end":{"line":41,"column":55}},"41":{"start":{"line":42,"column":0},"end":{"line":42,"column":6}},"42":{"start":{"line":43,"column":0},"end":{"line":43,"column":1}}},"s":{"0":1,"1":1,"2":0,"3":0,"4":1,"5":1,"6":1,"7":1,"8":1,"9":1,"10":4,"11":4,"12":2,"13":2,"14":2,"15":2,"16":4,"17":4,"18":4,"19":4,"20":5,"21":5,"22":5,"23":5,"24":4,"25":4,"26":4,"27":2,"28":2,"29":1,"30":1,"31":1,"32":1,"33":1,"34":1,"35":1,"36":4,"37":1,"38":1,"39":1,"40":9,"41":1,"42":1},"branchMap":{"0":{"type":"branch","line":1,"loc":{"start":{"line":1,"column":0},"end":{"line":33,"column":1}},"locations":[{"start":{"line":1,"column":0},"end":{"line":33,"column":1}}]},"1":{"type":"branch","line":2,"loc":{"start":{"line":2,"column":63},"end":{"line":4,"column":5}},"locations":[{"start":{"line":2,"column":63},"end":{"line":4,"column":5}}]},"2":{"type":"branch","line":5,"loc":{"start":{"line":5,"column":40},"end":{"line":5,"column":42}},"locations":[{"start":{"line":5,"column":40},"end":{"line":5,"column":42}}]},"3":{"type":"branch","line":5,"loc":{"start":{"line":5,"column":68},"end":{"line":5,"column":74}},"locations":[{"start":{"line":5,"column":68},"end":{"line":5,"column":74}}]},"4":{"type":"branch","line":5,"loc":{"start":{"line":5,"column":46},"end":{"line":5,"column":67}},"locations":[{"start":{"line":5,"column":46},"end":{"line":5,"column":67}}]},"5":{"type":"branch","line":10,"loc":{"start":{"line":10,"column":18},"end":{"line":30,"column":5}},"locations":[{"start":{"line":10,"column":18},"end":{"line":30,"column":5}}]},"6":{"type":"branch","line":12,"loc":{"start":{"line":12,"column":12},"end":{"line":16,"column":76}},"locations":[{"start":{"line":12,"column":12},"end":{"line":16,"column":76}}]},"7":{"type":"branch","line":12,"loc":{"start":{"line":12,"column":45},"end":{"line":12,"column":51}},"locations":[{"start":{"line":12,"column":45},"end":{"line":12,"column":51}}]},"8":{"type":"branch","line":18,"loc":{"start":{"line":18,"column":12},"end":{"line":18,"column":16}},"locations":[{"start":{"line":18,"column":12},"end":{"line":18,"column":16}}]},"9":{"type":"branch","line":27,"loc":{"start":{"line":27,"column":29},"end":{"line":29,"column":9}},"locations":[{"start":{"line":27,"column":29},"end":{"line":29,"column":9}}]},"10":{"type":"branch","line":12,"loc":{"start":{"line":12,"column":61},"end":{"line":16,"column":76}},"locations":[{"start":{"line":12,"column":61},"end":{"line":16,"column":76}}]},"11":{"type":"branch","line":16,"loc":{"start":{"line":16,"column":25},"end":{"line":16,"column":75}},"locations":[{"start":{"line":16,"column":25},"end":{"line":16,"column":75}}]},"12":{"type":"branch","line":20,"loc":{"start":{"line":20,"column":24},"end":{"line":25,"column":9}},"locations":[{"start":{"line":20,"column":24},"end":{"line":25,"column":9}}]},"13":{"type":"branch","line":22,"loc":{"start":{"line":22,"column":16},"end":{"line":22,"column":51}},"locations":[{"start":{"line":22,"column":16},"end":{"line":22,"column":51}}]},"14":{"type":"branch","line":23,"loc":{"start":{"line":23,"column":16},"end":{"line":23,"column":23}},"locations":[{"start":{"line":23,"column":16},"end":{"line":23,"column":23}}]},"15":{"type":"branch","line":35,"loc":{"start":{"line":35,"column":0},"end":{"line":43,"column":1}},"locations":[{"start":{"line":35,"column":0},"end":{"line":43,"column":1}}]},"16":{"type":"branch","line":36,"loc":{"start":{"line":36,"column":39},"end":{"line":37,"column":65}},"locations":[{"start":{"line":36,"column":39},"end":{"line":37,"column":65}}]},"17":{"type":"branch","line":40,"loc":{"start":{"line":40,"column":29},"end":{"line":41,"column":55}},"locations":[{"start":{"line":40,"column":29},"end":{"line":41,"column":55}}]},"18":{"type":"branch","line":41,"loc":{"start":{"line":41,"column":27},"end":{"line":41,"column":54}},"locations":[{"start":{"line":41,"column":27},"end":{"line":41,"column":54}}]}},"b":{"0":[1],"1":[0],"2":[0],"3":[0],"4":[4],"5":[4],"6":[2],"7":[0],"8":[2],"9":[2],"10":[2],"11":[5],"12":[5],"13":[2],"14":[3],"15":[1],"16":[4],"17":[9],"18":[29]},"fnMap":{"0":{"name":"getMockFilesPath","decl":{"start":{"line":1,"column":0},"end":{"line":33,"column":1}},"loc":{"start":{"line":1,"column":0},"end":{"line":33,"column":1}},"line":1},"1":{"name":"filterPaths","decl":{"start":{"line":35,"column":0},"end":{"line":43,"column":1}},"loc":{"start":{"line":35,"column":0},"end":{"line":43,"column":1}},"line":35}},"f":{"0":1,"1":1}}
}
