TN:
SF:src/tools/index.ts
FN:1,getMockFilesPath
FN:35,filterPaths
FNF:2
FNH:2
FNDA:1,getMockFilesPath
FNDA:1,filterPaths
DA:1,1
DA:2,1
DA:3,0
DA:4,0
DA:5,1
DA:6,1
DA:7,1
DA:8,1
DA:9,1
DA:10,1
DA:11,4
DA:12,4
DA:13,2
DA:14,2
DA:15,2
DA:16,2
DA:17,4
DA:18,4
DA:19,4
DA:20,4
DA:21,5
DA:22,5
DA:23,5
DA:24,5
DA:25,4
DA:26,4
DA:27,4
DA:28,2
DA:29,2
DA:30,1
DA:31,1
DA:32,1
DA:33,1
DA:34,1
DA:35,1
DA:36,1
DA:37,4
DA:38,1
DA:39,1
DA:40,1
DA:41,9
DA:42,1
DA:43,1
LF:43
LH:41
BRDA:1,0,0,1
BRDA:2,1,0,0
BRDA:5,2,0,0
BRDA:5,3,0,0
BRDA:5,4,0,4
BRDA:10,5,0,4
BRDA:12,6,0,2
BRDA:12,7,0,0
BRDA:18,8,0,2
BRDA:27,9,0,2
BRDA:12,10,0,2
BRDA:16,11,0,5
BRDA:20,12,0,5
BRDA:22,13,0,2
BRDA:23,14,0,3
BRDA:35,15,0,1
BRDA:36,16,0,4
BRDA:40,17,0,9
BRDA:41,18,0,29
BRF:19
BRH:15
end_of_record
